<?xml version="1.0" encoding="UTF-8"?>
<!-- Generated by org.testng.reporters.JUnitReportReporter -->
<testsuite hostname="Yutaka" name="com.sqa.ao.helped.HelpedTest" tests="6" failures="0" timestamp="22 Oct 2015 00:54:35 GMT" time="0.086" errors="0">
  <testcase name="testEvenOddLL" time="0.001" classname="com.sqa.ao.helped.HelpedTest"/>
  <testcase name="testEvenOddAO" time="0.079" classname="com.sqa.ao.helped.HelpedTest"/>
  <testcase name="testEvenOddPN" time="0.001" classname="com.sqa.ao.helped.HelpedTest"/>
  <testcase name="testEvenOddAP" time="0.002" classname="com.sqa.ao.helped.HelpedTest"/>
  <testcase name="testEvenOddTS" time="0.001" classname="com.sqa.ao.helped.HelpedTest"/>
  <testcase name="testEvenOddMS" time="0.002" classname="com.sqa.ao.helped.HelpedTest"/>
</testsuite> <!-- com.sqa.ao.helped.HelpedTest -->
