<?xml version="1.0" encoding="UTF-8"?>
<!-- Generated by org.testng.reporters.JUnitReportReporter -->
<testsuite hostname="Yutaka" name="com.sqa.ao.helped.MultTests" tests="63" failures="0" timestamp="22 Oct 2015 22:07:49 GMT" time="0.125" errors="0">
  <testcase name="testMultNumberAP" time="0.000" classname="com.sqa.ao.helped.MultTests"/>
  <testcase name="testMultNumberRA" time="0.000" classname="com.sqa.ao.helped.MultTests"/>
  <testcase name="testMultNumberAP" time="0.000" classname="com.sqa.ao.helped.MultTests"/>
  <testcase name="testMultNumberAP" time="0.000" classname="com.sqa.ao.helped.MultTests"/>
  <testcase name="testMultNumberMS" time="0.000" classname="com.sqa.ao.helped.MultTests"/>
  <testcase name="testMultNumberAO" time="0.000" classname="com.sqa.ao.helped.MultTests"/>
  <testcase name="testMultNumberPN" time="0.000" classname="com.sqa.ao.helped.MultTests"/>
  <testcase name="testMultNumberPN" time="0.016" classname="com.sqa.ao.helped.MultTests"/>
  <testcase name="testMultNumberPN" time="0.000" classname="com.sqa.ao.helped.MultTests"/>
  <testcase name="testMultNumberLL" time="0.000" classname="com.sqa.ao.helped.MultTests"/>
  <testcase name="testMultNumberTS" time="0.000" classname="com.sqa.ao.helped.MultTests"/>
  <testcase name="testMultNumberAP" time="0.000" classname="com.sqa.ao.helped.MultTests"/>
  <testcase name="testMultNumberPN" time="0.000" classname="com.sqa.ao.helped.MultTests"/>
  <testcase name="testMultNumberTS" time="0.000" classname="com.sqa.ao.helped.MultTests"/>
  <testcase name="testMultNumberRA" time="0.000" classname="com.sqa.ao.helped.MultTests"/>
  <testcase name="testMultNumberMS" time="0.000" classname="com.sqa.ao.helped.MultTests"/>
  <testcase name="testMultNumberTS" time="0.000" classname="com.sqa.ao.helped.MultTests"/>
  <testcase name="testMultNumberMS" time="0.000" classname="com.sqa.ao.helped.MultTests"/>
  <testcase name="testMultNumberAO" time="0.016" classname="com.sqa.ao.helped.MultTests"/>
  <testcase name="testMultNumberAP" time="0.000" classname="com.sqa.ao.helped.MultTests"/>
  <testcase name="testMultNumberMS" time="0.000" classname="com.sqa.ao.helped.MultTests"/>
  <testcase name="testMultNumberLL" time="0.000" classname="com.sqa.ao.helped.MultTests"/>
  <testcase name="testMultNumberAP" time="0.016" classname="com.sqa.ao.helped.MultTests"/>
  <testcase name="testMultNumberLL" time="0.000" classname="com.sqa.ao.helped.MultTests"/>
  <testcase name="testMultNumberRA" time="0.000" classname="com.sqa.ao.helped.MultTests"/>
  <testcase name="testMultNumberMS" time="0.000" classname="com.sqa.ao.helped.MultTests"/>
  <testcase name="testMultNumberMS" time="0.000" classname="com.sqa.ao.helped.MultTests"/>
  <testcase name="testMultNumberTS" time="0.000" classname="com.sqa.ao.helped.MultTests"/>
  <testcase name="testMultNumberAP" time="0.031" classname="com.sqa.ao.helped.MultTests"/>
  <testcase name="testMultNumberTS" time="0.000" classname="com.sqa.ao.helped.MultTests"/>
  <testcase name="testMultNumberPN" time="0.000" classname="com.sqa.ao.helped.MultTests"/>
  <testcase name="testMultNumberPN" time="0.000" classname="com.sqa.ao.helped.MultTests"/>
  <testcase name="testMultNumberRA" time="0.000" classname="com.sqa.ao.helped.MultTests"/>
  <testcase name="testMultNumberAO" time="0.000" classname="com.sqa.ao.helped.MultTests"/>
  <testcase name="testMultNumberPN" time="0.000" classname="com.sqa.ao.helped.MultTests"/>
  <testcase name="testMultNumberAP" time="0.000" classname="com.sqa.ao.helped.MultTests"/>
  <testcase name="testMultNumberLL" time="0.015" classname="com.sqa.ao.helped.MultTests"/>
  <testcase name="testMultNumberPN" time="0.000" classname="com.sqa.ao.helped.MultTests"/>
  <testcase name="testMultNumberRA" time="0.000" classname="com.sqa.ao.helped.MultTests"/>
  <testcase name="testMultNumberAO" time="0.000" classname="com.sqa.ao.helped.MultTests"/>
  <testcase name="testMultNumberAP" time="0.000" classname="com.sqa.ao.helped.MultTests"/>
  <testcase name="testMultNumberTS" time="0.000" classname="com.sqa.ao.helped.MultTests"/>
  <testcase name="testMultNumberTS" time="0.000" classname="com.sqa.ao.helped.MultTests"/>
  <testcase name="testMultNumberRA" time="0.000" classname="com.sqa.ao.helped.MultTests"/>
  <testcase name="testMultNumberRA" time="0.015" classname="com.sqa.ao.helped.MultTests"/>
  <testcase name="testMultNumberMS" time="0.000" classname="com.sqa.ao.helped.MultTests"/>
  <testcase name="testMultNumberLL" time="0.000" classname="com.sqa.ao.helped.MultTests"/>
  <testcase name="testMultNumberAO" time="0.000" classname="com.sqa.ao.helped.MultTests"/>
  <testcase name="testMultNumberTS" time="0.000" classname="com.sqa.ao.helped.MultTests"/>
  <testcase name="testMultNumberAO" time="0.000" classname="com.sqa.ao.helped.MultTests"/>
  <testcase name="testMultNumberMS" time="0.000" classname="com.sqa.ao.helped.MultTests"/>
  <testcase name="testMultNumberAO" time="0.016" classname="com.sqa.ao.helped.MultTests"/>
  <testcase name="testMultNumberAO" time="0.000" classname="com.sqa.ao.helped.MultTests"/>
  <testcase name="testMultNumberLL" time="0.000" classname="com.sqa.ao.helped.MultTests"/>
  <testcase name="testMultNumberLL" time="0.000" classname="com.sqa.ao.helped.MultTests"/>
  <testcase name="testMultNumberRA" time="0.000" classname="com.sqa.ao.helped.MultTests"/>
  <testcase name="testMultNumberLL" time="0.000" classname="com.sqa.ao.helped.MultTests"/>
  <testcase name="testMultNumberLL" time="0.000" classname="com.sqa.ao.helped.MultTests"/>
  <testcase name="testMultNumberTS" time="0.000" classname="com.sqa.ao.helped.MultTests"/>
  <testcase name="testMultNumberPN" time="0.000" classname="com.sqa.ao.helped.MultTests"/>
  <testcase name="testMultNumberAO" time="0.000" classname="com.sqa.ao.helped.MultTests"/>
  <testcase name="testMultNumberRA" time="0.000" classname="com.sqa.ao.helped.MultTests"/>
  <testcase name="testMultNumberMS" time="0.000" classname="com.sqa.ao.helped.MultTests"/>
</testsuite> <!-- com.sqa.ao.helped.MultTests -->
